Copyright 1986-2022 Xilinx, Inc. All Rights Reserved.
----------------------------------------------------------------------------------------------------------------------------------------------------
| Tool Version     : Vivado v.2022.2 (win64) Build 3671981 Fri Oct 14 05:00:03 MDT 2022
| Date             : Fri May 12 17:12:14 2023
| Host             : 222115CD131314J running 64-bit major release  (build 9200)
| Command          : report_power -file nexys_core_power_routed.rpt -pb nexys_core_power_summary_routed.pb -rpx nexys_core_power_routed.rpx
| Design           : nexys_core
| Device           : xc7a100tcsg324-1
| Design State     : routed
| Grade            : commercial
| Process          : typical
| Characterization : Production
----------------------------------------------------------------------------------------------------------------------------------------------------

Power Report

Table of Contents
-----------------
1. Summary
1.1 On-Chip Components
1.2 Power Supply Summary
1.3 Confidence Level
2. Settings
2.1 Environment
2.2 Clock Constraints
3. Detailed Reports
3.1 By Hierarchy

1. Summary
----------

+--------------------------+--------------+
| Total On-Chip Power (W)  | 0.150        |
| Design Power Budget (W)  | Unspecified* |
| Power Budget Margin (W)  | NA           |
| Dynamic (W)              | 0.053        |
| Device Static (W)        | 0.097        |
| Effective TJA (C/W)      | 4.6          |
| Max Ambient (C)          | 84.3         |
| Junction Temperature (C) | 25.7         |
| Confidence Level         | Low          |
| Setting File             | ---          |
| Simulation Activity File | ---          |
| Design Nets Matched      | NA           |
+--------------------------+--------------+
* Specify Design Power Budget using, set_operating_conditions -design_power_budget <value in Watts>


1.1 On-Chip Components
----------------------

+----------------+-----------+----------+-----------+-----------------+
| On-Chip        | Power (W) | Used     | Available | Utilization (%) |
+----------------+-----------+----------+-----------+-----------------+
| Clocks         |     0.001 |        3 |       --- |             --- |
| Slice Logic    |     0.002 |      615 |       --- |             --- |
|   LUT as Logic |     0.001 |      271 |     63400 |            0.43 |
|   CARRY4       |    <0.001 |       59 |     15850 |            0.37 |
|   BUFG         |    <0.001 |        2 |        32 |            6.25 |
|   Register     |    <0.001 |      187 |    126800 |            0.15 |
|   F7/F8 Muxes  |    <0.001 |        7 |     63400 |            0.01 |
|   Others       |     0.000 |       16 |       --- |             --- |
| Signals        |     0.003 |      646 |       --- |             --- |
| Block RAM      |    <0.001 |        1 |       135 |            0.74 |
| I/O            |     0.047 |       51 |       210 |           24.29 |
| Static Power   |     0.097 |          |           |                 |
| Total          |     0.150 |          |           |                 |
+----------------+-----------+----------+-----------+-----------------+


1.2 Power Supply Summary
------------------------

+-----------+-------------+-----------+-------------+------------+-------------+-------------+------------+
| Source    | Voltage (V) | Total (A) | Dynamic (A) | Static (A) | Powerup (A) | Budget (A)  | Margin (A) |
+-----------+-------------+-----------+-------------+------------+-------------+-------------+------------+
| Vccint    |       1.000 |     0.021 |       0.006 |      0.015 |       NA    | Unspecified | NA         |
| Vccaux    |       1.800 |     0.020 |       0.002 |      0.018 |       NA    | Unspecified | NA         |
| Vcco33    |       3.300 |     0.017 |       0.013 |      0.004 |       NA    | Unspecified | NA         |
| Vcco25    |       2.500 |     0.000 |       0.000 |      0.000 |       NA    | Unspecified | NA         |
| Vcco18    |       1.800 |     0.000 |       0.000 |      0.000 |       NA    | Unspecified | NA         |
| Vcco15    |       1.500 |     0.000 |       0.000 |      0.000 |       NA    | Unspecified | NA         |
| Vcco135   |       1.350 |     0.000 |       0.000 |      0.000 |       NA    | Unspecified | NA         |
| Vcco12    |       1.200 |     0.000 |       0.000 |      0.000 |       NA    | Unspecified | NA         |
| Vccaux_io |       1.800 |     0.000 |       0.000 |      0.000 |       NA    | Unspecified | NA         |
| Vccbram   |       1.000 |     0.000 |       0.000 |      0.000 |       NA    | Unspecified | NA         |
| MGTAVcc   |       1.000 |     0.000 |       0.000 |      0.000 |       NA    | Unspecified | NA         |
| MGTAVtt   |       1.200 |     0.000 |       0.000 |      0.000 |       NA    | Unspecified | NA         |
| Vccadc    |       1.800 |     0.020 |       0.000 |      0.020 |       NA    | Unspecified | NA         |
+-----------+-------------+-----------+-------------+------------+-------------+-------------+------------+


1.3 Confidence Level
--------------------

+-----------------------------+------------+--------------------------------------------------------+--------------------------------------------------------------------------------------------------------------------+
| User Input Data             | Confidence | Details                                                | Action                                                                                                             |
+-----------------------------+------------+--------------------------------------------------------+--------------------------------------------------------------------------------------------------------------------+
| Design implementation state | High       | Design is routed                                       |                                                                                                                    |
| Clock nodes activity        | Low        | User specified less than 75% of clocks                 | Provide missing clock activity with a constraint file, simulation results or by editing the "By Clock Domain" view |
| I/O nodes activity          | Low        | More than 75% of inputs are missing user specification | Provide missing input activity with simulation results or by editing the "By Resource Type -> I/Os" view           |
| Internal nodes activity     | Medium     | User specified less than 25% of internal nodes         | Provide missing internal nodes activity with simulation results or by editing the "By Resource Type" views         |
| Device models               | High       | Device models are Production                           |                                                                                                                    |
|                             |            |                                                        |                                                                                                                    |
| Overall confidence level    | Low        |                                                        |                                                                                                                    |
+-----------------------------+------------+--------------------------------------------------------+--------------------------------------------------------------------------------------------------------------------+


2. Settings
-----------

2.1 Environment
---------------

+-----------------------+--------------------------+
| Ambient Temp (C)      | 25.0                     |
| ThetaJA (C/W)         | 4.6                      |
| Airflow (LFM)         | 250                      |
| Heat Sink             | medium (Medium Profile)  |
| ThetaSA (C/W)         | 4.6                      |
| Board Selection       | medium (10"x10")         |
| # of Board Layers     | 12to15 (12 to 15 Layers) |
| Board Temperature (C) | 25.0                     |
+-----------------------+--------------------------+


2.2 Clock Constraints
---------------------

+-------------+-----------+-----------------+
| Clock       | Domain    | Constraint (ns) |
+-------------+-----------+-----------------+
| sys_clk_pin | CLK100MHZ |            10.0 |
+-------------+-----------+-----------------+


3. Detailed Reports
-------------------

3.1 By Hierarchy
----------------

+--------------------+-----------+
| Name               | Power (W) |
+--------------------+-----------+
| nexys_core         |     0.053 |
|   JA_IOBUF[1]_inst |     0.002 |
|   JA_IOBUF[2]_inst |     0.002 |
|   JA_IOBUF[3]_inst |     0.002 |
|   JA_IOBUF[4]_inst |     0.002 |
|   JA_IOBUF[5]_inst |     0.002 |
|   JA_IOBUF[6]_inst |     0.002 |
|   JA_IOBUF[7]_inst |     0.002 |
|   JB_IOBUF[0]_inst |     0.001 |
|   JB_IOBUF[1]_inst |     0.001 |
|   JB_IOBUF[2]_inst |     0.001 |
|   JB_IOBUF[3]_inst |     0.001 |
|   JB_IOBUF[4]_inst |     0.001 |
|   JB_IOBUF[5]_inst |     0.001 |
|   JB_IOBUF[6]_inst |     0.001 |
|   JB_IOBUF[7]_inst |     0.001 |
|   JC_IOBUF[0]_inst |     0.001 |
|   JC_IOBUF[1]_inst |     0.001 |
|   JC_IOBUF[2]_inst |     0.001 |
|   JC_IOBUF[3]_inst |     0.001 |
|   JC_IOBUF[4]_inst |     0.001 |
|   JC_IOBUF[5]_inst |     0.001 |
|   JC_IOBUF[6]_inst |     0.001 |
|   JC_IOBUF[7]_inst |     0.001 |
|   JD_IOBUF[0]_inst |     0.001 |
|   JD_IOBUF[1]_inst |     0.001 |
|   JD_IOBUF[2]_inst |     0.001 |
|   JD_IOBUF[3]_inst |     0.001 |
|   JD_IOBUF[4]_inst |     0.001 |
|   JD_IOBUF[5]_inst |     0.001 |
|   JD_IOBUF[6]_inst |     0.001 |
|   JD_IOBUF[7]_inst |     0.001 |
|   nolabel_line37   |     0.004 |
+--------------------+-----------+


