
*** Running vivado
    with args -log nexys_core.vds -m64 -product Vivado -mode batch -messageDb vivado.pb -notrace -source nexys_core.tcl



****** Vivado v2022.2 (64-bit)
  **** SW Build 3671981 on Fri Oct 14 05:00:03 MDT 2022
  **** IP Build 3669848 on Fri Oct 14 08:30:02 MDT 2022
    ** Copyright 1986-2022 Xilinx, Inc. All Rights Reserved.

source nexys_core.tcl -notrace
Command: read_checkpoint -auto_incremental -incremental C:/Users/keajacm/Documents/repositories/CPU_8b/nexys_core/CPU_8b/CPU_8b.srcs/utils_1/imports/synth_1/nexys_core.dcp
INFO: [Vivado 12-5825] Read reference checkpoint from C:/Users/keajacm/Documents/repositories/CPU_8b/nexys_core/CPU_8b/CPU_8b.srcs/utils_1/imports/synth_1/nexys_core.dcp for incremental synthesis
INFO: [Vivado 12-7989] Please ensure there are no constraint changes
Command: synth_design -top nexys_core -part xc7a100tcsg324-1
Starting synth_design
Attempting to get a license for feature 'Synthesis' and/or device 'xc7a100t'
INFO: [Common 17-349] Got license for feature 'Synthesis' and/or device 'xc7a100t'
INFO: [Device 21-403] Loading part xc7a100tcsg324-1
INFO: [Designutils 20-5440] No compile time benefit to using incremental synthesis; A full resynthesis will be run
INFO: [Designutils 20-4379] Flow is switching to default flow due to incremental criteria not met. If you would like to alter this behaviour and have the flow terminate instead, please set the following parameter config_implementation {autoIncr.Synth.RejectBehavior Terminate}
INFO: [Synth 8-7079] Multithreading enabled for synth_design using a maximum of 2 processes.
INFO: [Synth 8-7078] Launching helper process for spawning children vivado processes
INFO: [Synth 8-7075] Helper process launched with PID 28144
INFO: [Synth 8-11241] undeclared symbol 'REGCCE', assumed default net type 'wire' [C:/Xilinx/Vivado/2022.2/data/verilog/src/unimacro/BRAM_SINGLE_MACRO.v:2170]
---------------------------------------------------------------------------------
Starting RTL Elaboration : Time (s): cpu = 00:00:05 ; elapsed = 00:00:05 . Memory (MB): peak = 1225.852 ; gain = 408.434
---------------------------------------------------------------------------------
INFO: [Synth 8-6157] synthesizing module 'nexys_core' [C:/Users/keajacm/Documents/repositories/CPU_8b/nexys_core/CPU_8b/CPU_8b.srcs/sources_1/new/nexys_core.sv:23]
INFO: [Synth 8-6157] synthesizing module 'CORE' [C:/Users/keajacm/Documents/repositories/CPU_8b/nexys_core/CPU_8b/CPU_8b.srcs/sources_1/new/CORE.sv:23]
INFO: [Synth 8-6157] synthesizing module 'GPR' [C:/Users/keajacm/Documents/repositories/CPU_8b/nexys_core/CPU_8b/CPU_8b.runs/synth_1/.Xil/Vivado-28396-222115CD131314J/realtime/GPR_stub.v:5]
INFO: [Synth 8-6155] done synthesizing module 'GPR' (0#1) [C:/Users/keajacm/Documents/repositories/CPU_8b/nexys_core/CPU_8b/CPU_8b.runs/synth_1/.Xil/Vivado-28396-222115CD131314J/realtime/GPR_stub.v:5]
INFO: [Synth 8-6157] synthesizing module 'RAM' [C:/Users/keajacm/Documents/repositories/CPU_8b/nexys_core/CPU_8b/CPU_8b.runs/synth_1/.Xil/Vivado-28396-222115CD131314J/realtime/RAM_stub.v:5]
INFO: [Synth 8-6155] done synthesizing module 'RAM' (0#1) [C:/Users/keajacm/Documents/repositories/CPU_8b/nexys_core/CPU_8b/CPU_8b.runs/synth_1/.Xil/Vivado-28396-222115CD131314J/realtime/RAM_stub.v:5]
INFO: [Synth 8-6157] synthesizing module 'PROGMEM' [C:/Users/keajacm/Documents/repositories/CPU_8b/nexys_core/CPU_8b/CPU_8b.runs/synth_1/.Xil/Vivado-28396-222115CD131314J/realtime/PROGMEM_stub.v:5]
INFO: [Synth 8-6155] done synthesizing module 'PROGMEM' (0#1) [C:/Users/keajacm/Documents/repositories/CPU_8b/nexys_core/CPU_8b/CPU_8b.runs/synth_1/.Xil/Vivado-28396-222115CD131314J/realtime/PROGMEM_stub.v:5]
INFO: [Synth 8-6157] synthesizing module 'alu_8b' [C:/Users/keajacm/Documents/repositories/CPU_8b/nexys_core/CPU_8b/CPU_8b.srcs/sources_1/new/alu_8b.sv:27]
INFO: [Synth 8-226] default block is never used [C:/Users/keajacm/Documents/repositories/CPU_8b/nexys_core/CPU_8b/CPU_8b.srcs/sources_1/new/alu_8b.sv:44]
INFO: [Synth 8-6155] done synthesizing module 'alu_8b' (0#1) [C:/Users/keajacm/Documents/repositories/CPU_8b/nexys_core/CPU_8b/CPU_8b.srcs/sources_1/new/alu_8b.sv:27]
INFO: [Synth 8-6157] synthesizing module 'data_write_bus' [C:/Users/keajacm/Documents/repositories/CPU_8b/nexys_core/CPU_8b/CPU_8b.srcs/sources_1/new/data_write_bus.sv:25]
INFO: [Synth 8-6155] done synthesizing module 'data_write_bus' (0#1) [C:/Users/keajacm/Documents/repositories/CPU_8b/nexys_core/CPU_8b/CPU_8b.srcs/sources_1/new/data_write_bus.sv:25]
INFO: [Synth 8-6157] synthesizing module 'branch_handler' [C:/Users/keajacm/Documents/repositories/CPU_8b/nexys_core/CPU_8b/CPU_8b.srcs/sources_1/new/branch_handler.sv:23]
INFO: [Synth 8-6155] done synthesizing module 'branch_handler' (0#1) [C:/Users/keajacm/Documents/repositories/CPU_8b/nexys_core/CPU_8b/CPU_8b.srcs/sources_1/new/branch_handler.sv:23]
INFO: [Synth 8-6155] done synthesizing module 'CORE' (0#1) [C:/Users/keajacm/Documents/repositories/CPU_8b/nexys_core/CPU_8b/CPU_8b.srcs/sources_1/new/CORE.sv:23]
INFO: [Synth 8-6157] synthesizing module 'IO_handler' [C:/Users/keajacm/Documents/repositories/CPU_8b/nexys_core/CPU_8b/CPU_8b.srcs/sources_1/new/IO_handler.sv:23]
INFO: [Synth 8-6155] done synthesizing module 'IO_handler' (0#1) [C:/Users/keajacm/Documents/repositories/CPU_8b/nexys_core/CPU_8b/CPU_8b.srcs/sources_1/new/IO_handler.sv:23]
INFO: [Synth 8-6157] synthesizing module 'bcd_seg_complete' [C:/Users/keajacm/Documents/repositories/CPU_8b/nexys_core/CPU_8b/CPU_8b.srcs/sources_1/new/bcd_seg_complete.sv:23]
INFO: [Synth 8-6157] synthesizing module 'dig_cont' [C:/Users/keajacm/Documents/repositories/CPU_8b/nexys_core/CPU_8b/CPU_8b.srcs/sources_1/new/dig_cont.sv:23]
INFO: [Synth 8-6155] done synthesizing module 'dig_cont' (0#1) [C:/Users/keajacm/Documents/repositories/CPU_8b/nexys_core/CPU_8b/CPU_8b.srcs/sources_1/new/dig_cont.sv:23]
INFO: [Synth 8-6157] synthesizing module 'bcd_to_sevseg' [C:/Users/keajacm/Documents/repositories/CPU_8b/nexys_core/CPU_8b/CPU_8b.srcs/sources_1/new/bcd_to_sevseg.sv:23]
INFO: [Synth 8-6155] done synthesizing module 'bcd_to_sevseg' (0#1) [C:/Users/keajacm/Documents/repositories/CPU_8b/nexys_core/CPU_8b/CPU_8b.srcs/sources_1/new/bcd_to_sevseg.sv:23]
INFO: [Synth 8-6155] done synthesizing module 'bcd_seg_complete' (0#1) [C:/Users/keajacm/Documents/repositories/CPU_8b/nexys_core/CPU_8b/CPU_8b.srcs/sources_1/new/bcd_seg_complete.sv:23]
INFO: [Synth 8-6155] done synthesizing module 'nexys_core' (0#1) [C:/Users/keajacm/Documents/repositories/CPU_8b/nexys_core/CPU_8b/CPU_8b.srcs/sources_1/new/nexys_core.sv:23]
WARNING: [Synth 8-87] always_comb on 'co_reg' did not result in combinational logic [C:/Users/keajacm/Documents/repositories/CPU_8b/nexys_core/CPU_8b/CPU_8b.srcs/sources_1/new/alu_8b.sv:46]
WARNING: [Synth 8-7129] Port ddr[7] in module IO_handler is either unconnected or has no load
WARNING: [Synth 8-7129] Port ddr[6] in module IO_handler is either unconnected or has no load
WARNING: [Synth 8-7129] Port ddr[5] in module IO_handler is either unconnected or has no load
WARNING: [Synth 8-7129] Port ddr[4] in module IO_handler is either unconnected or has no load
WARNING: [Synth 8-7129] Port opcode[9] in module branch_handler is either unconnected or has no load
WARNING: [Synth 8-7129] Port opcode[8] in module branch_handler is either unconnected or has no load
WARNING: [Synth 8-7129] Port opcode[7] in module branch_handler is either unconnected or has no load
WARNING: [Synth 8-7129] Port opcode[6] in module branch_handler is either unconnected or has no load
WARNING: [Synth 8-7129] Port opcode[5] in module branch_handler is either unconnected or has no load
WARNING: [Synth 8-7129] Port opcode[4] in module branch_handler is either unconnected or has no load
WARNING: [Synth 8-7129] Port opcode[3] in module branch_handler is either unconnected or has no load
WARNING: [Synth 8-7129] Port opcode[2] in module branch_handler is either unconnected or has no load
WARNING: [Synth 8-7129] Port opcode[1] in module branch_handler is either unconnected or has no load
WARNING: [Synth 8-7129] Port opcode[0] in module branch_handler is either unconnected or has no load
WARNING: [Synth 8-7129] Port SREG[7] in module branch_handler is either unconnected or has no load
WARNING: [Synth 8-7129] Port SREG[6] in module branch_handler is either unconnected or has no load
WARNING: [Synth 8-7129] Port SREG[5] in module branch_handler is either unconnected or has no load
WARNING: [Synth 8-7129] Port SREG[4] in module branch_handler is either unconnected or has no load
WARNING: [Synth 8-7129] Port SREG[3] in module branch_handler is either unconnected or has no load
WARNING: [Synth 8-7129] Port SREG[2] in module branch_handler is either unconnected or has no load
WARNING: [Synth 8-7129] Port SW[14] in module nexys_core is either unconnected or has no load
WARNING: [Synth 8-7129] Port SW[13] in module nexys_core is either unconnected or has no load
WARNING: [Synth 8-7129] Port SW[12] in module nexys_core is either unconnected or has no load
WARNING: [Synth 8-7129] Port SW[11] in module nexys_core is either unconnected or has no load
WARNING: [Synth 8-7129] Port SW[10] in module nexys_core is either unconnected or has no load
WARNING: [Synth 8-7129] Port SW[9] in module nexys_core is either unconnected or has no load
WARNING: [Synth 8-7129] Port SW[8] in module nexys_core is either unconnected or has no load
WARNING: [Synth 8-7129] Port SW[7] in module nexys_core is either unconnected or has no load
WARNING: [Synth 8-7129] Port SW[6] in module nexys_core is either unconnected or has no load
WARNING: [Synth 8-7129] Port SW[5] in module nexys_core is either unconnected or has no load
WARNING: [Synth 8-7129] Port SW[4] in module nexys_core is either unconnected or has no load
WARNING: [Synth 8-7129] Port SW[3] in module nexys_core is either unconnected or has no load
WARNING: [Synth 8-7129] Port SW[2] in module nexys_core is either unconnected or has no load
WARNING: [Synth 8-7129] Port SW[1] in module nexys_core is either unconnected or has no load
---------------------------------------------------------------------------------
Finished RTL Elaboration : Time (s): cpu = 00:00:07 ; elapsed = 00:00:07 . Memory (MB): peak = 1323.270 ; gain = 505.852
---------------------------------------------------------------------------------
---------------------------------------------------------------------------------
Start Handling Custom Attributes
---------------------------------------------------------------------------------
---------------------------------------------------------------------------------
Finished Handling Custom Attributes : Time (s): cpu = 00:00:07 ; elapsed = 00:00:07 . Memory (MB): peak = 1323.270 ; gain = 505.852
---------------------------------------------------------------------------------
---------------------------------------------------------------------------------
Finished RTL Optimization Phase 1 : Time (s): cpu = 00:00:07 ; elapsed = 00:00:07 . Memory (MB): peak = 1323.270 ; gain = 505.852
---------------------------------------------------------------------------------
Netlist sorting complete. Time (s): cpu = 00:00:00 ; elapsed = 00:00:00.012 . Memory (MB): peak = 1323.270 ; gain = 0.000
INFO: [Project 1-570] Preparing netlist for logic optimization

Processing XDC Constraints
Initializing timing engine
Parsing XDC File [c:/Users/keajacm/Documents/repositories/CPU_8b/nexys_core/CPU_8b/CPU_8b.gen/sources_1/ip/PROGMEM/PROGMEM/PROGMEM_in_context.xdc] for cell 'nolabel_line37/nolabel_line76'
Finished Parsing XDC File [c:/Users/keajacm/Documents/repositories/CPU_8b/nexys_core/CPU_8b/CPU_8b.gen/sources_1/ip/PROGMEM/PROGMEM/PROGMEM_in_context.xdc] for cell 'nolabel_line37/nolabel_line76'
Parsing XDC File [c:/Users/keajacm/Documents/repositories/CPU_8b/nexys_core/CPU_8b/CPU_8b.gen/sources_1/ip/RAM/RAM/RAM_in_context.xdc] for cell 'nolabel_line37/nolabel_line73'
Finished Parsing XDC File [c:/Users/keajacm/Documents/repositories/CPU_8b/nexys_core/CPU_8b/CPU_8b.gen/sources_1/ip/RAM/RAM/RAM_in_context.xdc] for cell 'nolabel_line37/nolabel_line73'
Parsing XDC File [c:/Users/keajacm/Documents/repositories/CPU_8b/nexys_core/CPU_8b/CPU_8b.gen/sources_1/ip/GPR/GPR/GPR_in_context.xdc] for cell 'nolabel_line37/nolabel_line72'
Finished Parsing XDC File [c:/Users/keajacm/Documents/repositories/CPU_8b/nexys_core/CPU_8b/CPU_8b.gen/sources_1/ip/GPR/GPR/GPR_in_context.xdc] for cell 'nolabel_line37/nolabel_line72'
Parsing XDC File [C:/Xilinx/Vivado/2022.2/data/boards/board_schemas/current/digilent-xdc-master/Nexys-A7-100T-Master.xdc]
Finished Parsing XDC File [C:/Xilinx/Vivado/2022.2/data/boards/board_schemas/current/digilent-xdc-master/Nexys-A7-100T-Master.xdc]
INFO: [Project 1-236] Implementation specific constraints were found while reading constraint file [C:/Xilinx/Vivado/2022.2/data/boards/board_schemas/current/digilent-xdc-master/Nexys-A7-100T-Master.xdc]. These constraints will be ignored for synthesis but will be used in implementation. Impacted constraints are listed in the file [.Xil/nexys_core_propImpl.xdc].
Resolution: To avoid this warning, move constraints listed in [.Xil/nexys_core_propImpl.xdc] to another XDC file and exclude this new file from synthesis with the used_in_synthesis property (File Properties dialog in GUI) and re-run elaboration/synthesis.
Completed Processing XDC Constraints

Netlist sorting complete. Time (s): cpu = 00:00:00 ; elapsed = 00:00:00.001 . Memory (MB): peak = 1425.426 ; gain = 0.000
INFO: [Project 1-111] Unisim Transformation Summary:
No Unisim elements were transformed.

Constraint Validation Runtime : Time (s): cpu = 00:00:00 ; elapsed = 00:00:00.005 . Memory (MB): peak = 1425.426 ; gain = 0.000
INFO: [Designutils 20-5440] No compile time benefit to using incremental synthesis; A full resynthesis will be run
INFO: [Designutils 20-4379] Flow is switching to default flow due to incremental criteria not met. If you would like to alter this behaviour and have the flow terminate instead, please set the following parameter config_implementation {autoIncr.Synth.RejectBehavior Terminate}
INFO: [Synth 8-11241] undeclared symbol 'REGCCE', assumed default net type 'wire' [C:/Xilinx/Vivado/2022.2/data/verilog/src/unimacro/BRAM_SINGLE_MACRO.v:2170]
---------------------------------------------------------------------------------
Finished Constraint Validation : Time (s): cpu = 00:00:15 ; elapsed = 00:00:15 . Memory (MB): peak = 1425.426 ; gain = 608.008
---------------------------------------------------------------------------------
---------------------------------------------------------------------------------
Start Loading Part and Timing Information
---------------------------------------------------------------------------------
Loading part: xc7a100tcsg324-1
---------------------------------------------------------------------------------
Finished Loading Part and Timing Information : Time (s): cpu = 00:00:15 ; elapsed = 00:00:15 . Memory (MB): peak = 1425.426 ; gain = 608.008
---------------------------------------------------------------------------------
---------------------------------------------------------------------------------
Start Applying 'set_property' XDC Constraints
---------------------------------------------------------------------------------
Applied set_property KEEP_HIERARCHY = SOFT for nolabel_line37/nolabel_line76. (constraint file  auto generated constraint).
Applied set_property KEEP_HIERARCHY = SOFT for nolabel_line37/nolabel_line73. (constraint file  auto generated constraint).
Applied set_property KEEP_HIERARCHY = SOFT for nolabel_line37/nolabel_line72. (constraint file  auto generated constraint).
---------------------------------------------------------------------------------
Finished applying 'set_property' XDC Constraints : Time (s): cpu = 00:00:15 ; elapsed = 00:00:15 . Memory (MB): peak = 1425.426 ; gain = 608.008
---------------------------------------------------------------------------------
WARNING: [Synth 8-327] inferring latch for variable 'co_reg' [C:/Users/keajacm/Documents/repositories/CPU_8b/nexys_core/CPU_8b/CPU_8b.srcs/sources_1/new/alu_8b.sv:46]
---------------------------------------------------------------------------------
Finished RTL Optimization Phase 2 : Time (s): cpu = 00:00:15 ; elapsed = 00:00:16 . Memory (MB): peak = 1425.426 ; gain = 608.008
---------------------------------------------------------------------------------
---------------------------------------------------------------------------------
Start RTL Component Statistics 
---------------------------------------------------------------------------------
Detailed RTL Component Info : 
+---Adders : 
	   3 Input   32 Bit       Adders := 1     
	   2 Input   32 Bit       Adders := 2     
	   2 Input   10 Bit       Adders := 2     
	   4 Input   10 Bit       Adders := 1     
	   2 Input    9 Bit       Adders := 3     
	   3 Input    9 Bit       Adders := 1     
	   4 Input    9 Bit       Adders := 1     
	   2 Input    8 Bit       Adders := 2     
	   2 Input    2 Bit       Adders := 1     
	   2 Input    1 Bit       Adders := 2     
+---XORs : 
	   2 Input     32 Bit         XORs := 1     
	   2 Input      8 Bit         XORs := 1     
+---Registers : 
	               16 Bit    Registers := 1     
	               10 Bit    Registers := 1     
	                8 Bit    Registers := 8     
	                4 Bit    Registers := 1     
	                2 Bit    Registers := 1     
	                1 Bit    Registers := 4     
+---Muxes : 
	   2 Input   16 Bit        Muxes := 1     
	   8 Input   10 Bit        Muxes := 1     
	   2 Input   10 Bit        Muxes := 1     
	  16 Input    8 Bit        Muxes := 1     
	   8 Input    8 Bit        Muxes := 2     
	   2 Input    8 Bit        Muxes := 7     
	   4 Input    8 Bit        Muxes := 1     
	   2 Input    5 Bit        Muxes := 2     
	   2 Input    4 Bit        Muxes := 2     
	   8 Input    4 Bit        Muxes := 1     
	   8 Input    3 Bit        Muxes := 1     
	  16 Input    1 Bit        Muxes := 1     
	   8 Input    1 Bit        Muxes := 3     
	   2 Input    1 Bit        Muxes := 2     
	   4 Input    1 Bit        Muxes := 1     
	   9 Input    1 Bit        Muxes := 1     
---------------------------------------------------------------------------------
Finished RTL Component Statistics 
---------------------------------------------------------------------------------
---------------------------------------------------------------------------------
Start Part Resource Summary
---------------------------------------------------------------------------------
Part Resources:
DSPs: 240 (col length:80)
BRAMs: 270 (col length: RAMB18 80 RAMB36 40)
---------------------------------------------------------------------------------
Finished Part Resource Summary
---------------------------------------------------------------------------------
---------------------------------------------------------------------------------
Start Cross Boundary and Area Optimization
---------------------------------------------------------------------------------
WARNING: [Synth 8-7080] Parallel synthesis criteria is not met
WARNING: [Synth 8-3917] design nexys_core has port SEG[7] driven by constant 1
---------------------------------------------------------------------------------
Finished Cross Boundary and Area Optimization : Time (s): cpu = 00:00:19 ; elapsed = 00:00:19 . Memory (MB): peak = 1425.426 ; gain = 608.008
---------------------------------------------------------------------------------
---------------------------------------------------------------------------------
Start Applying XDC Timing Constraints
---------------------------------------------------------------------------------
---------------------------------------------------------------------------------
Finished Applying XDC Timing Constraints : Time (s): cpu = 00:00:24 ; elapsed = 00:00:25 . Memory (MB): peak = 1425.426 ; gain = 608.008
---------------------------------------------------------------------------------
---------------------------------------------------------------------------------
Start Timing Optimization
---------------------------------------------------------------------------------
---------------------------------------------------------------------------------
Finished Timing Optimization : Time (s): cpu = 00:00:24 ; elapsed = 00:00:25 . Memory (MB): peak = 1425.426 ; gain = 608.008
---------------------------------------------------------------------------------
---------------------------------------------------------------------------------
Start Technology Mapping
---------------------------------------------------------------------------------
---------------------------------------------------------------------------------
Finished Technology Mapping : Time (s): cpu = 00:00:24 ; elapsed = 00:00:25 . Memory (MB): peak = 1425.426 ; gain = 608.008
---------------------------------------------------------------------------------
---------------------------------------------------------------------------------
Start IO Insertion
---------------------------------------------------------------------------------
---------------------------------------------------------------------------------
Start Flattening Before IO Insertion
---------------------------------------------------------------------------------
---------------------------------------------------------------------------------
Finished Flattening Before IO Insertion
---------------------------------------------------------------------------------
---------------------------------------------------------------------------------
Start Final Netlist Cleanup
---------------------------------------------------------------------------------
---------------------------------------------------------------------------------
Finished Final Netlist Cleanup
---------------------------------------------------------------------------------
---------------------------------------------------------------------------------
Finished IO Insertion : Time (s): cpu = 00:00:29 ; elapsed = 00:00:30 . Memory (MB): peak = 1425.426 ; gain = 608.008
---------------------------------------------------------------------------------
---------------------------------------------------------------------------------
Start Renaming Generated Instances
---------------------------------------------------------------------------------
---------------------------------------------------------------------------------
Finished Renaming Generated Instances : Time (s): cpu = 00:00:29 ; elapsed = 00:00:30 . Memory (MB): peak = 1425.426 ; gain = 608.008
---------------------------------------------------------------------------------
---------------------------------------------------------------------------------
Start Rebuilding User Hierarchy
---------------------------------------------------------------------------------
---------------------------------------------------------------------------------
Finished Rebuilding User Hierarchy : Time (s): cpu = 00:00:29 ; elapsed = 00:00:30 . Memory (MB): peak = 1425.426 ; gain = 608.008
---------------------------------------------------------------------------------
---------------------------------------------------------------------------------
Start Renaming Generated Ports
---------------------------------------------------------------------------------
---------------------------------------------------------------------------------
Finished Renaming Generated Ports : Time (s): cpu = 00:00:29 ; elapsed = 00:00:30 . Memory (MB): peak = 1425.426 ; gain = 608.008
---------------------------------------------------------------------------------
---------------------------------------------------------------------------------
Start Handling Custom Attributes
---------------------------------------------------------------------------------
---------------------------------------------------------------------------------
Finished Handling Custom Attributes : Time (s): cpu = 00:00:29 ; elapsed = 00:00:30 . Memory (MB): peak = 1425.426 ; gain = 608.008
---------------------------------------------------------------------------------
---------------------------------------------------------------------------------
Start Renaming Generated Nets
---------------------------------------------------------------------------------
---------------------------------------------------------------------------------
Finished Renaming Generated Nets : Time (s): cpu = 00:00:29 ; elapsed = 00:00:30 . Memory (MB): peak = 1425.426 ; gain = 608.008
---------------------------------------------------------------------------------
---------------------------------------------------------------------------------
Start Writing Synthesis Report
---------------------------------------------------------------------------------

Report BlackBoxes: 
+------+--------------+----------+
|      |BlackBox name |Instances |
+------+--------------+----------+
|1     |GPR           |         1|
|2     |RAM           |         1|
|3     |PROGMEM       |         1|
+------+--------------+----------+

Report Cell Usage: 
+------+--------+------+
|      |Cell    |Count |
+------+--------+------+
|1     |GPR     |     1|
|2     |PROGMEM |     1|
|3     |RAM     |     1|
|4     |BUFG    |     3|
|5     |CARRY4  |    59|
|6     |LUT1    |    12|
|7     |LUT2    |    67|
|8     |LUT3    |    63|
|9     |LUT4    |    46|
|10    |LUT5    |    55|
|11    |LUT6    |    90|
|12    |MUXF7   |     7|
|13    |FDRE    |   168|
|14    |FDSE    |    12|
|15    |LD      |     1|
|16    |IBUF    |     3|
|17    |IOBUF   |    32|
|18    |OBUF    |    16|
+------+--------+------+
---------------------------------------------------------------------------------
Finished Writing Synthesis Report : Time (s): cpu = 00:00:29 ; elapsed = 00:00:30 . Memory (MB): peak = 1425.426 ; gain = 608.008
---------------------------------------------------------------------------------
Synthesis finished with 0 errors, 0 critical warnings and 3 warnings.
Synthesis Optimization Runtime : Time (s): cpu = 00:00:20 ; elapsed = 00:00:28 . Memory (MB): peak = 1425.426 ; gain = 505.852
Synthesis Optimization Complete : Time (s): cpu = 00:00:29 ; elapsed = 00:00:30 . Memory (MB): peak = 1425.426 ; gain = 608.008
INFO: [Project 1-571] Translating synthesized netlist
Netlist sorting complete. Time (s): cpu = 00:00:00 ; elapsed = 00:00:00.011 . Memory (MB): peak = 1425.426 ; gain = 0.000
INFO: [Netlist 29-17] Analyzing 99 Unisim elements for replacement
INFO: [Netlist 29-28] Unisim Transformation completed in 0 CPU seconds
INFO: [Project 1-570] Preparing netlist for logic optimization
INFO: [Opt 31-138] Pushed 0 inverter(s) to 0 load pin(s).
Netlist sorting complete. Time (s): cpu = 00:00:00 ; elapsed = 00:00:00 . Memory (MB): peak = 1425.426 ; gain = 0.000
INFO: [Project 1-111] Unisim Transformation Summary:
  A total of 33 instances were transformed.
  IOBUF => IOBUF (IBUF, OBUFT): 32 instances
  LD => LDCE: 1 instance 

Synth Design complete, checksum: d98b5ad5
INFO: [Common 17-83] Releasing license: Synthesis
48 Infos, 38 Warnings, 0 Critical Warnings and 0 Errors encountered.
synth_design completed successfully
synth_design: Time (s): cpu = 00:00:33 ; elapsed = 00:00:35 . Memory (MB): peak = 1425.426 ; gain = 1002.965
INFO: [Common 17-1381] The checkpoint 'C:/Users/keajacm/Documents/repositories/CPU_8b/nexys_core/CPU_8b/CPU_8b.runs/synth_1/nexys_core.dcp' has been generated.
INFO: [runtcl-4] Executing : report_utilization -file nexys_core_utilization_synth.rpt -pb nexys_core_utilization_synth.pb
INFO: [Common 17-206] Exiting Vivado at Fri May 12 17:10:43 2023...
